0 info it worked if it ends with ok
1 verbose cli [ '/Users/YiShu/.nvm/versions/node/v5.9.1/bin/node',
1 verbose cli   '/Users/YiShu/.nvm/versions/node/v5.9.1/bin/npm',
1 verbose cli   'bugs',
1 verbose cli   'club-booking-api' ]
2 info using npm@3.7.3
3 info using node@v5.9.1
4 silly fetchPackageMetaData club-booking-api
5 silly fetchNamedPackageData club-booking-api
6 silly mapToRegistry name club-booking-api
7 silly mapToRegistry using default registry
8 silly mapToRegistry registry https://registry.npmjs.org/
9 silly mapToRegistry uri https://registry.npmjs.org/club-booking-api
10 verbose request uri https://registry.npmjs.org/club-booking-api
11 verbose request no auth needed
12 info attempt registry request try #1 at 2:54:35 PM
13 verbose request id 583dbbcb19d00206
14 http request GET https://registry.npmjs.org/club-booking-api
15 http 404 https://registry.npmjs.org/club-booking-api
16 verbose headers { 'content-type': 'application/json',
16 verbose headers   'cache-control': 'max-age=0',
16 verbose headers   'content-length': '2',
16 verbose headers   'accept-ranges': 'bytes',
16 verbose headers   date: 'Thu, 05 May 2016 06:54:36 GMT',
16 verbose headers   via: '1.1 varnish',
16 verbose headers   age: '0',
16 verbose headers   connection: 'keep-alive',
16 verbose headers   'x-served-by': 'cache-lax1422-LAX',
16 verbose headers   'x-cache': 'MISS',
16 verbose headers   'x-cache-hits': '0',
16 verbose headers   'x-timer': 'S1462431276.491778,VS0,VE89',
16 verbose headers   vary: 'Accept-Encoding' }
17 silly get cb [ 404,
17 silly get   { 'content-type': 'application/json',
17 silly get     'cache-control': 'max-age=0',
17 silly get     'content-length': '2',
17 silly get     'accept-ranges': 'bytes',
17 silly get     date: 'Thu, 05 May 2016 06:54:36 GMT',
17 silly get     via: '1.1 varnish',
17 silly get     age: '0',
17 silly get     connection: 'keep-alive',
17 silly get     'x-served-by': 'cache-lax1422-LAX',
17 silly get     'x-cache': 'MISS',
17 silly get     'x-cache-hits': '0',
17 silly get     'x-timer': 'S1462431276.491778,VS0,VE89',
17 silly get     vary: 'Accept-Encoding' } ]
18 silly fetchPackageMetaData Error: Registry returned 404 for GET on https://registry.npmjs.org/club-booking-api
18 silly fetchPackageMetaData     at makeError (/Users/YiShu/.nvm/versions/node/v5.9.1/lib/node_modules/npm/node_modules/npm-registry-client/lib/request.js:264:12)
18 silly fetchPackageMetaData     at CachingRegistryClient.<anonymous> (/Users/YiShu/.nvm/versions/node/v5.9.1/lib/node_modules/npm/node_modules/npm-registry-client/lib/request.js:242:14)
18 silly fetchPackageMetaData     at Request._callback (/Users/YiShu/.nvm/versions/node/v5.9.1/lib/node_modules/npm/node_modules/npm-registry-client/lib/request.js:172:14)
18 silly fetchPackageMetaData     at Request.self.callback (/Users/YiShu/.nvm/versions/node/v5.9.1/lib/node_modules/npm/node_modules/request/request.js:199:22)
18 silly fetchPackageMetaData     at emitTwo (events.js:100:13)
18 silly fetchPackageMetaData     at Request.emit (events.js:185:7)
18 silly fetchPackageMetaData     at Request.<anonymous> (/Users/YiShu/.nvm/versions/node/v5.9.1/lib/node_modules/npm/node_modules/request/request.js:1036:10)
18 silly fetchPackageMetaData     at emitOne (events.js:95:20)
18 silly fetchPackageMetaData     at Request.emit (events.js:182:7)
18 silly fetchPackageMetaData     at IncomingMessage.<anonymous> (/Users/YiShu/.nvm/versions/node/v5.9.1/lib/node_modules/npm/node_modules/request/request.js:963:12)
18 silly fetchPackageMetaData  error for club-booking-api { [Error: Registry returned 404 for GET on https://registry.npmjs.org/club-booking-api] pkgid: 'club-booking-api', statusCode: 404, code: 'E404' }
19 verbose stack Error: Registry returned 404 for GET on https://registry.npmjs.org/club-booking-api
19 verbose stack     at makeError (/Users/YiShu/.nvm/versions/node/v5.9.1/lib/node_modules/npm/node_modules/npm-registry-client/lib/request.js:264:12)
19 verbose stack     at CachingRegistryClient.<anonymous> (/Users/YiShu/.nvm/versions/node/v5.9.1/lib/node_modules/npm/node_modules/npm-registry-client/lib/request.js:242:14)
19 verbose stack     at Request._callback (/Users/YiShu/.nvm/versions/node/v5.9.1/lib/node_modules/npm/node_modules/npm-registry-client/lib/request.js:172:14)
19 verbose stack     at Request.self.callback (/Users/YiShu/.nvm/versions/node/v5.9.1/lib/node_modules/npm/node_modules/request/request.js:199:22)
19 verbose stack     at emitTwo (events.js:100:13)
19 verbose stack     at Request.emit (events.js:185:7)
19 verbose stack     at Request.<anonymous> (/Users/YiShu/.nvm/versions/node/v5.9.1/lib/node_modules/npm/node_modules/request/request.js:1036:10)
19 verbose stack     at emitOne (events.js:95:20)
19 verbose stack     at Request.emit (events.js:182:7)
19 verbose stack     at IncomingMessage.<anonymous> (/Users/YiShu/.nvm/versions/node/v5.9.1/lib/node_modules/npm/node_modules/request/request.js:963:12)
20 verbose statusCode 404
21 verbose pkgid club-booking-api
22 verbose cwd /Users/YiShu/Documents/club-booking-api
23 error Darwin 15.4.0
24 error argv "/Users/YiShu/.nvm/versions/node/v5.9.1/bin/node" "/Users/YiShu/.nvm/versions/node/v5.9.1/bin/npm" "bugs" "club-booking-api"
25 error node v5.9.1
26 error npm  v3.7.3
27 error code E404
28 error 404 Registry returned 404 for GET on https://registry.npmjs.org/club-booking-api
29 error 404
30 error 404 'club-booking-api' is not in the npm registry.
31 error 404 You should bug the author to publish it (or use the name yourself!)
32 error 404 Note that you can also install from a
33 error 404 tarball, folder, http url, or git url.
34 verbose exit [ 1, true ]
